2025-06-09 00:24:50 - SECURITY_CREDENTIAL_GENERATED: {"environment":"sandbox","credential_length":16}
2025-06-09 00:24:52 - STK_PUSH_REQUEST: {"phone":"254703416091","amount":"500","response":{"MerchantRequestID":"9a06-4cb7-96fc-1742647e27af179506","CheckoutRequestID":"ws_CO_09062025012659046703416091","ResponseCode":"0","ResponseDescription":"Success. Request accepted for processing","CustomerMessage":"Success. Request accepted for processing"}}
2025-06-09 00:25:54 - SECURITY_CREDENTIAL_GENERATED: {"environment":"sandbox","credential_length":16}
2025-06-09 00:25:55 - STK_PUSH_REQUEST: {"phone":"254703416091","amount":"500","response":{"MerchantRequestID":"b18f-4a07-9aff-d6e1fb096b51587053","CheckoutRequestID":"ws_CO_09062025012554975703416091","ResponseCode":"0","ResponseDescription":"Success. Request accepted for processing","CustomerMessage":"Success. Request accepted for processing"}}
2025-06-09 00:25:59 - SECURITY_CREDENTIAL_GENERATED: {"environment":"sandbox","credential_length":16}
2025-06-09 00:26:00 - STK_PUSH_REQUEST: {"phone":"254703416091","amount":"500","response":{"MerchantRequestID":"3080-45a6-a06c-fffc5ef13d9c504565","CheckoutRequestID":"ws_CO_09062025012807761703416091","ResponseCode":"0","ResponseDescription":"Success. Request accepted for processing","CustomerMessage":"Success. Request accepted for processing"}}
2025-06-09 00:27:05 - SECURITY_CREDENTIAL_GENERATED: {"environment":"sandbox","credential_length":16}
2025-06-09 00:27:07 - STK_PUSH_REQUEST: {"phone":"254703416091","amount":"500","response":{"MerchantRequestID":"3080-45a6-a06c-fffc5ef13d9c504581","CheckoutRequestID":"ws_CO_09062025012914210703416091","ResponseCode":"0","ResponseDescription":"Success. Request accepted for processing","CustomerMessage":"Success. Request accepted for processing"}}
2025-06-09 00:28:35 - SECURITY_CREDENTIAL_GENERATED: {"environment":"sandbox","credential_length":16}
2025-06-09 00:28:37 - STK_PUSH_REQUEST: {"phone":"254703416091","amount":"500","response":{"MerchantRequestID":"3080-45a6-a06c-fffc5ef13d9c504587","CheckoutRequestID":"ws_CO_09062025013043853703416091","ResponseCode":"0","ResponseDescription":"Success. Request accepted for processing","CustomerMessage":"Success. Request accepted for processing"}}
2025-06-09 00:29:47 - SECURITY_CREDENTIAL_GENERATED: {"environment":"sandbox","credential_length":16}
2025-06-09 00:29:48 - STK_PUSH_REQUEST: {"phone":"254703416091","amount":"500","response":{"MerchantRequestID":"17f6-47b3-b4fd-ae0574a0242c938034","CheckoutRequestID":"ws_CO_09062025012948304703416091","ResponseCode":"0","ResponseDescription":"Success. Request accepted for processing","CustomerMessage":"Success. Request accepted for processing"}}
2025-06-09 00:29:50 - SECURITY_CREDENTIAL_GENERATED: {"environment":"sandbox","credential_length":16}
2025-06-09 00:29:51 - API_ERROR: {"url":"https:\/\/sandbox.safaricom.co.ke\/mpesa\/stkpush\/v1\/processrequest","http_code":500,"response":"{\n                    \"requestId\":\"b18f-4a07-9aff-d6e1fb096b51587088\",\n                    \"errorCode\": \"500.001.1001\",\n                    \"errorMessage\": \"Unable to lock subscriber, a transaction is already in process for the current subscriber\"\n                }\n            "}
2025-06-09 00:29:51 - STK_PUSH_REQUEST: {"phone":"254703416091","amount":"500","response":{"requestId":"b18f-4a07-9aff-d6e1fb096b51587088","errorCode":"500.001.1001","errorMessage":"Unable to lock subscriber, a transaction is already in process for the current subscriber"}}
2025-06-09 00:30:04 - SECURITY_CREDENTIAL_GENERATED: {"environment":"sandbox","credential_length":16}
2025-06-09 00:30:05 - STK_PUSH_REQUEST: {"phone":"254703416091","amount":"500","response":{"MerchantRequestID":"b18f-4a07-9aff-d6e1fb096b51587101","CheckoutRequestID":"ws_CO_09062025013212544703416091","ResponseCode":"0","ResponseDescription":"Success. Request accepted for processing","CustomerMessage":"Success. Request accepted for processing"}}
2025-06-09 00:30:05 - SECURITY_CREDENTIAL_GENERATED: {"environment":"sandbox","credential_length":16}
2025-06-09 00:30:06 - API_ERROR: {"url":"https:\/\/sandbox.safaricom.co.ke\/mpesa\/stkpush\/v1\/processrequest","http_code":500,"response":"{\n                    \"requestId\":\"b18f-4a07-9aff-d6e1fb096b51587103\",\n                    \"errorCode\": \"500.003.02\",\n                    \"errorMessage\": \"System is busy. Please try again in few minutes.\"\n                }\n            "}
2025-06-09 00:30:06 - STK_PUSH_REQUEST: {"phone":"254703416091","amount":"500","response":{"requestId":"b18f-4a07-9aff-d6e1fb096b51587103","errorCode":"500.003.02","errorMessage":"System is busy. Please try again in few minutes."}}
2025-06-09 00:30:10 - SECURITY_CREDENTIAL_GENERATED: {"environment":"sandbox","credential_length":16}
2025-06-09 00:30:11 - API_ERROR: {"url":"https:\/\/sandbox.safaricom.co.ke\/mpesa\/stkpush\/v1\/processrequest","http_code":500,"response":"{\n                    \"requestId\":\"9a06-4cb7-96fc-1742647e27af179575\",\n                    \"errorCode\": \"500.001.1001\",\n                    \"errorMessage\": \"Unable to lock subscriber, a transaction is already in process for the current subscriber\"\n                }\n            "}
2025-06-09 00:30:11 - STK_PUSH_REQUEST: {"phone":"254703416091","amount":"500","response":{"requestId":"9a06-4cb7-96fc-1742647e27af179575","errorCode":"500.001.1001","errorMessage":"Unable to lock subscriber, a transaction is already in process for the current subscriber"}}
2025-06-09 00:30:43 - SECURITY_CREDENTIAL_GENERATED: {"environment":"sandbox","credential_length":16}
2025-06-09 00:30:45 - STK_PUSH_REQUEST: {"phone":"254703416091","amount":"500","response":{"MerchantRequestID":"3080-45a6-a06c-fffc5ef13d9c504609","CheckoutRequestID":"ws_CO_09062025013252278703416091","ResponseCode":"0","ResponseDescription":"Success. Request accepted for processing","CustomerMessage":"Success. Request accepted for processing"}}
2025-06-09 00:35:30 - SECURITY_CREDENTIAL_GENERATED: {"environment":"sandbox","credential_length":16}
2025-06-09 00:35:32 - STK_PUSH_REQUEST: {"phone":"254703416091","amount":"500","response":{"MerchantRequestID":"17f6-47b3-b4fd-ae0574a0242c938109","CheckoutRequestID":"ws_CO_09062025013531903703416091","ResponseCode":"0","ResponseDescription":"Success. Request accepted for processing","CustomerMessage":"Success. Request accepted for processing"}}
2025-06-09 00:35:54 - SECURITY_CREDENTIAL_GENERATED: {"environment":"sandbox","credential_length":16}
2025-06-09 00:35:55 - STK_PUSH_REQUEST: {"phone":"254703416091","amount":"500","response":{"MerchantRequestID":"b18f-4a07-9aff-d6e1fb096b51587188","CheckoutRequestID":"ws_CO_09062025013555301703416091","ResponseCode":"0","ResponseDescription":"Success. Request accepted for processing","CustomerMessage":"Success. Request accepted for processing"}}
2025-06-09 00:39:07 - SECURITY_CREDENTIAL_GENERATED: {"environment":"sandbox","credential_length":16}
2025-06-09 00:39:08 - STK_PUSH_REQUEST: {"phone":"254703416091","amount":"500","response":{"MerchantRequestID":"9a06-4cb7-96fc-1742647e27af179660","CheckoutRequestID":"ws_CO_09062025013908654703416091","ResponseCode":"0","ResponseDescription":"Success. Request accepted for processing","CustomerMessage":"Success. Request accepted for processing"}}
2025-06-09 00:45:38 - SECURITY_CREDENTIAL_GENERATED: {"environment":"sandbox","credential_length":16}
2025-06-09 00:45:39 - STK_PUSH_REQUEST: {"phone":"254703416091","amount":"500","response":{"MerchantRequestID":"d051-4f0a-9f2c-b0f860ca1dfe15870","CheckoutRequestID":"ws_CO_09062025014539534703416091","ResponseCode":"0","ResponseDescription":"Success. Request accepted for processing","CustomerMessage":"Success. Request accepted for processing"}}
